Build started 24/07/2014 21:46:38.
     1>Project "C:\Users\thatguylukuss\Desktop\GitHub\Formatted\Upload\C openGL - Ball Maze Game\Windows\C openGL - Ball Maze Game\C openGL - Ball Maze Game.vcxproj" on node 2 (Build target(s)).
     1>ClCompile:
         C:\Program Files (x86)\Microsoft Visual Studio 11.0\VC\bin\CL.exe /c /IC:\glut\include /ZI /nologo /W3 /WX- /sdl /Od /Oy- /D WIN32 /D _DEBUG /D _CONSOLE /D _UNICODE /D UNICODE /Gm /EHsc /RTC1 /MDd /GS /fp:precise /Zc:wchar_t /Zc:forScope /Fo"Debug\\" /Fd"Debug\vc110.pdb" /Gd /TP /analyze- /errorReport:prompt "C openGL - Ball Maze Game.cpp"
         C openGL - Ball Maze Game.cpp
     1>c:\users\thatguylukuss\desktop\github\formatted\upload\c opengl - ball maze game\windows\c opengl - ball maze game\c opengl - ball maze game.cpp(129): warning C4305: 'initializing' : truncation from 'double' to 'GLfloat'
     1>c:\users\thatguylukuss\desktop\github\formatted\upload\c opengl - ball maze game\windows\c opengl - ball maze game\c opengl - ball maze game.cpp(271): warning C4305: 'argument' : truncation from 'double' to 'GLfloat'
     1>c:\users\thatguylukuss\desktop\github\formatted\upload\c opengl - ball maze game\windows\c opengl - ball maze game\c opengl - ball maze game.cpp(289): warning C4305: 'argument' : truncation from 'double' to 'float'
     1>c:\users\thatguylukuss\desktop\github\formatted\upload\c opengl - ball maze game\windows\c opengl - ball maze game\c opengl - ball maze game.cpp(314): warning C4244: '=' : conversion from 'double' to 'int', possible loss of data
     1>c:\users\thatguylukuss\desktop\github\formatted\upload\c opengl - ball maze game\windows\c opengl - ball maze game\c opengl - ball maze game.cpp(336): warning C4305: '+=' : truncation from 'double' to 'float'
     1>c:\users\thatguylukuss\desktop\github\formatted\upload\c opengl - ball maze game\windows\c opengl - ball maze game\c opengl - ball maze game.cpp(342): warning C4305: 'argument' : truncation from 'double' to 'float'
     1>c:\users\thatguylukuss\desktop\github\formatted\upload\c opengl - ball maze game\windows\c opengl - ball maze game\c opengl - ball maze game.cpp(343): warning C4305: '+=' : truncation from 'double' to 'float'
     1>c:\users\thatguylukuss\desktop\github\formatted\upload\c opengl - ball maze game\windows\c opengl - ball maze game\c opengl - ball maze game.cpp(350): warning C4305: 'argument' : truncation from 'double' to 'float'
     1>c:\users\thatguylukuss\desktop\github\formatted\upload\c opengl - ball maze game\windows\c opengl - ball maze game\c opengl - ball maze game.cpp(351): warning C4305: 'argument' : truncation from 'double' to 'float'
     1>c:\users\thatguylukuss\desktop\github\formatted\upload\c opengl - ball maze game\windows\c opengl - ball maze game\c opengl - ball maze game.cpp(352): warning C4305: '+=' : truncation from 'double' to 'float'
     1>c:\users\thatguylukuss\desktop\github\formatted\upload\c opengl - ball maze game\windows\c opengl - ball maze game\c opengl - ball maze game.cpp(355): warning C4305: 'argument' : truncation from 'double' to 'float'
     1>c:\users\thatguylukuss\desktop\github\formatted\upload\c opengl - ball maze game\windows\c opengl - ball maze game\c opengl - ball maze game.cpp(365): warning C4305: 'argument' : truncation from 'double' to 'float'
     1>c:\users\thatguylukuss\desktop\github\formatted\upload\c opengl - ball maze game\windows\c opengl - ball maze game\c opengl - ball maze game.cpp(366): warning C4305: 'argument' : truncation from 'double' to 'float'
     1>c:\users\thatguylukuss\desktop\github\formatted\upload\c opengl - ball maze game\windows\c opengl - ball maze game\c opengl - ball maze game.cpp(367): warning C4305: 'argument' : truncation from 'double' to 'float'
     1>c:\users\thatguylukuss\desktop\github\formatted\upload\c opengl - ball maze game\windows\c opengl - ball maze game\c opengl - ball maze game.cpp(368): warning C4305: 'argument' : truncation from 'double' to 'float'
     1>c:\users\thatguylukuss\desktop\github\formatted\upload\c opengl - ball maze game\windows\c opengl - ball maze game\c opengl - ball maze game.cpp(369): warning C4305: 'argument' : truncation from 'double' to 'float'
     1>c:\users\thatguylukuss\desktop\github\formatted\upload\c opengl - ball maze game\windows\c opengl - ball maze game\c opengl - ball maze game.cpp(376): warning C4305: 'argument' : truncation from 'double' to 'GLfloat'
     1>c:\users\thatguylukuss\desktop\github\formatted\upload\c opengl - ball maze game\windows\c opengl - ball maze game\c opengl - ball maze game.cpp(387): warning C4244: '=' : conversion from 'double' to 'float', possible loss of data
     1>c:\users\thatguylukuss\desktop\github\formatted\upload\c opengl - ball maze game\windows\c opengl - ball maze game\c opengl - ball maze game.cpp(388): warning C4244: '=' : conversion from 'double' to 'float', possible loss of data
     1>c:\users\thatguylukuss\desktop\github\formatted\upload\c opengl - ball maze game\windows\c opengl - ball maze game\c opengl - ball maze game.cpp(389): warning C4244: '=' : conversion from 'double' to 'float', possible loss of data
     1>c:\users\thatguylukuss\desktop\github\formatted\upload\c opengl - ball maze game\windows\c opengl - ball maze game\c opengl - ball maze game.cpp(390): warning C4244: '=' : conversion from 'double' to 'float', possible loss of data
     1>c:\users\thatguylukuss\desktop\github\formatted\upload\c opengl - ball maze game\windows\c opengl - ball maze game\c opengl - ball maze game.cpp(446): warning C4305: 'argument' : truncation from 'double' to 'GLfloat'
     1>c:\users\thatguylukuss\desktop\github\formatted\upload\c opengl - ball maze game\windows\c opengl - ball maze game\c opengl - ball maze game.cpp(455): warning C4305: 'argument' : truncation from 'double' to 'GLfloat'
     1>c:\users\thatguylukuss\desktop\github\formatted\upload\c opengl - ball maze game\windows\c opengl - ball maze game\c opengl - ball maze game.cpp(490): warning C4305: 'argument' : truncation from 'double' to 'float'
     1>c:\users\thatguylukuss\desktop\github\formatted\upload\c opengl - ball maze game\windows\c opengl - ball maze game\c opengl - ball maze game.cpp(491): warning C4305: 'argument' : truncation from 'double' to 'float'
     1>c:\users\thatguylukuss\desktop\github\formatted\upload\c opengl - ball maze game\windows\c opengl - ball maze game\c opengl - ball maze game.cpp(492): warning C4305: 'argument' : truncation from 'double' to 'float'
     1>c:\users\thatguylukuss\desktop\github\formatted\upload\c opengl - ball maze game\windows\c opengl - ball maze game\c opengl - ball maze game.cpp(493): warning C4305: 'argument' : truncation from 'double' to 'float'
     1>c:\users\thatguylukuss\desktop\github\formatted\upload\c opengl - ball maze game\windows\c opengl - ball maze game\c opengl - ball maze game.cpp(498): warning C4305: 'argument' : truncation from 'double' to 'float'
     1>c:\users\thatguylukuss\desktop\github\formatted\upload\c opengl - ball maze game\windows\c opengl - ball maze game\c opengl - ball maze game.cpp(499): warning C4305: 'argument' : truncation from 'double' to 'float'
     1>c:\users\thatguylukuss\desktop\github\formatted\upload\c opengl - ball maze game\windows\c opengl - ball maze game\c opengl - ball maze game.cpp(500): warning C4305: 'argument' : truncation from 'double' to 'float'
     1>c:\users\thatguylukuss\desktop\github\formatted\upload\c opengl - ball maze game\windows\c opengl - ball maze game\c opengl - ball maze game.cpp(501): warning C4305: 'argument' : truncation from 'double' to 'float'
     1>c:\users\thatguylukuss\desktop\github\formatted\upload\c opengl - ball maze game\windows\c opengl - ball maze game\c opengl - ball maze game.cpp(526): warning C4305: 'argument' : truncation from 'double' to 'GLfloat'
     1>c:\users\thatguylukuss\desktop\github\formatted\upload\c opengl - ball maze game\windows\c opengl - ball maze game\c opengl - ball maze game.cpp(558): warning C4244: '=' : conversion from 'double' to 'int', possible loss of data
     1>c:\users\thatguylukuss\desktop\github\formatted\upload\c opengl - ball maze game\windows\c opengl - ball maze game\c opengl - ball maze game.cpp(559): warning C4244: '=' : conversion from 'double' to 'int', possible loss of data
     1>c:\users\thatguylukuss\desktop\github\formatted\upload\c opengl - ball maze game\windows\c opengl - ball maze game\c opengl - ball maze game.cpp(568): warning C4244: '=' : conversion from 'float' to 'int', possible loss of data
     1>c:\users\thatguylukuss\desktop\github\formatted\upload\c opengl - ball maze game\windows\c opengl - ball maze game\c opengl - ball maze game.cpp(570): warning C4244: '=' : conversion from 'float' to 'int', possible loss of data
     1>c:\users\thatguylukuss\desktop\github\formatted\upload\c opengl - ball maze game\windows\c opengl - ball maze game\c opengl - ball maze game.cpp(579): warning C4244: '=' : conversion from 'int' to 'float', possible loss of data
     1>c:\users\thatguylukuss\desktop\github\formatted\upload\c opengl - ball maze game\windows\c opengl - ball maze game\c opengl - ball maze game.cpp(580): warning C4244: '=' : conversion from 'int' to 'float', possible loss of data
     1>c:\users\thatguylukuss\desktop\github\formatted\upload\c opengl - ball maze game\windows\c opengl - ball maze game\c opengl - ball maze game.cpp(581): warning C4244: '=' : conversion from 'int' to 'float', possible loss of data
     1>c:\users\thatguylukuss\desktop\github\formatted\upload\c opengl - ball maze game\windows\c opengl - ball maze game\c opengl - ball maze game.cpp(583): warning C4244: '=' : conversion from 'int' to 'float', possible loss of data
     1>c:\users\thatguylukuss\desktop\github\formatted\upload\c opengl - ball maze game\windows\c opengl - ball maze game\c opengl - ball maze game.cpp(584): warning C4244: '=' : conversion from 'int' to 'float', possible loss of data
     1>c:\users\thatguylukuss\desktop\github\formatted\upload\c opengl - ball maze game\windows\c opengl - ball maze game\c opengl - ball maze game.cpp(585): warning C4244: '=' : conversion from 'int' to 'float', possible loss of data
     1>c:\users\thatguylukuss\desktop\github\formatted\upload\c opengl - ball maze game\windows\c opengl - ball maze game\c opengl - ball maze game.cpp(587): warning C4244: '=' : conversion from 'int' to 'float', possible loss of data
     1>c:\users\thatguylukuss\desktop\github\formatted\upload\c opengl - ball maze game\windows\c opengl - ball maze game\c opengl - ball maze game.cpp(588): warning C4244: '=' : conversion from 'int' to 'float', possible loss of data
     1>c:\users\thatguylukuss\desktop\github\formatted\upload\c opengl - ball maze game\windows\c opengl - ball maze game\c opengl - ball maze game.cpp(589): warning C4244: '=' : conversion from 'int' to 'float', possible loss of data
     1>c:\users\thatguylukuss\desktop\github\formatted\upload\c opengl - ball maze game\windows\c opengl - ball maze game\c opengl - ball maze game.cpp(591): warning C4244: '=' : conversion from 'int' to 'float', possible loss of data
     1>c:\users\thatguylukuss\desktop\github\formatted\upload\c opengl - ball maze game\windows\c opengl - ball maze game\c opengl - ball maze game.cpp(592): warning C4244: '=' : conversion from 'int' to 'float', possible loss of data
     1>c:\users\thatguylukuss\desktop\github\formatted\upload\c opengl - ball maze game\windows\c opengl - ball maze game\c opengl - ball maze game.cpp(593): warning C4244: '=' : conversion from 'int' to 'float', possible loss of data
     1>c:\users\thatguylukuss\desktop\github\formatted\upload\c opengl - ball maze game\windows\c opengl - ball maze game\c opengl - ball maze game.cpp(596): warning C4244: '=' : conversion from 'int' to 'float', possible loss of data
     1>c:\users\thatguylukuss\desktop\github\formatted\upload\c opengl - ball maze game\windows\c opengl - ball maze game\c opengl - ball maze game.cpp(597): warning C4244: '=' : conversion from 'int' to 'float', possible loss of data
     1>c:\users\thatguylukuss\desktop\github\formatted\upload\c opengl - ball maze game\windows\c opengl - ball maze game\c opengl - ball maze game.cpp(598): warning C4244: '=' : conversion from 'int' to 'float', possible loss of data
     1>c:\users\thatguylukuss\desktop\github\formatted\upload\c opengl - ball maze game\windows\c opengl - ball maze game\c opengl - ball maze game.cpp(600): warning C4244: '=' : conversion from 'int' to 'float', possible loss of data
     1>c:\users\thatguylukuss\desktop\github\formatted\upload\c opengl - ball maze game\windows\c opengl - ball maze game\c opengl - ball maze game.cpp(601): warning C4244: '=' : conversion from 'int' to 'float', possible loss of data
     1>c:\users\thatguylukuss\desktop\github\formatted\upload\c opengl - ball maze game\windows\c opengl - ball maze game\c opengl - ball maze game.cpp(602): warning C4244: '=' : conversion from 'int' to 'float', possible loss of data
     1>c:\users\thatguylukuss\desktop\github\formatted\upload\c opengl - ball maze game\windows\c opengl - ball maze game\c opengl - ball maze game.cpp(604): warning C4244: '=' : conversion from 'int' to 'float', possible loss of data
     1>c:\users\thatguylukuss\desktop\github\formatted\upload\c opengl - ball maze game\windows\c opengl - ball maze game\c opengl - ball maze game.cpp(605): warning C4244: '=' : conversion from 'int' to 'float', possible loss of data
     1>c:\users\thatguylukuss\desktop\github\formatted\upload\c opengl - ball maze game\windows\c opengl - ball maze game\c opengl - ball maze game.cpp(606): warning C4244: '=' : conversion from 'int' to 'float', possible loss of data
     1>c:\users\thatguylukuss\desktop\github\formatted\upload\c opengl - ball maze game\windows\c opengl - ball maze game\c opengl - ball maze game.cpp(608): warning C4244: '=' : conversion from 'int' to 'float', possible loss of data
     1>c:\users\thatguylukuss\desktop\github\formatted\upload\c opengl - ball maze game\windows\c opengl - ball maze game\c opengl - ball maze game.cpp(609): warning C4244: '=' : conversion from 'int' to 'float', possible loss of data
     1>c:\users\thatguylukuss\desktop\github\formatted\upload\c opengl - ball maze game\windows\c opengl - ball maze game\c opengl - ball maze game.cpp(610): warning C4244: '=' : conversion from 'int' to 'float', possible loss of data
     1>c:\users\thatguylukuss\desktop\github\formatted\upload\c opengl - ball maze game\windows\c opengl - ball maze game\c opengl - ball maze game.cpp(738): warning C4244: '=' : conversion from 'int' to 'float', possible loss of data
     1>c:\users\thatguylukuss\desktop\github\formatted\upload\c opengl - ball maze game\windows\c opengl - ball maze game\c opengl - ball maze game.cpp(739): warning C4244: '=' : conversion from 'int' to 'float', possible loss of data
     1>c:\users\thatguylukuss\desktop\github\formatted\upload\c opengl - ball maze game\windows\c opengl - ball maze game\c opengl - ball maze game.cpp(819): warning C4244: '=' : conversion from 'double' to 'float', possible loss of data
     1>c:\users\thatguylukuss\desktop\github\formatted\upload\c opengl - ball maze game\windows\c opengl - ball maze game\c opengl - ball maze game.cpp(833): warning C4305: '+=' : truncation from 'double' to 'float'
     1>c:\users\thatguylukuss\desktop\github\formatted\upload\c opengl - ball maze game\windows\c opengl - ball maze game\c opengl - ball maze game.cpp(906): warning C4244: '=' : conversion from 'int' to 'float', possible loss of data
     1>c:\users\thatguylukuss\desktop\github\formatted\upload\c opengl - ball maze game\windows\c opengl - ball maze game\c opengl - ball maze game.cpp(907): warning C4244: 'argument' : conversion from 'float' to 'int', possible loss of data
     1>c:\users\thatguylukuss\desktop\github\formatted\upload\c opengl - ball maze game\windows\c opengl - ball maze game\c opengl - ball maze game.cpp(929): warning C4244: '=' : conversion from 'float' to 'int', possible loss of data
     1>c:\users\thatguylukuss\desktop\github\formatted\upload\c opengl - ball maze game\windows\c opengl - ball maze game\c opengl - ball maze game.cpp(933): warning C4244: '=' : conversion from 'int' to 'float', possible loss of data
     1>c:\users\thatguylukuss\desktop\github\formatted\upload\c opengl - ball maze game\windows\c opengl - ball maze game\c opengl - ball maze game.cpp(935): warning C4244: '=' : conversion from 'int' to 'float', possible loss of data
     1>c:\users\thatguylukuss\desktop\github\formatted\upload\c opengl - ball maze game\windows\c opengl - ball maze game\c opengl - ball maze game.cpp(951): warning C4305: '=' : truncation from 'double' to 'float'
     1>c:\users\thatguylukuss\desktop\github\formatted\upload\c opengl - ball maze game\windows\c opengl - ball maze game\c opengl - ball maze game.cpp(957): warning C4244: 'return' : conversion from 'float' to 'int', possible loss of data
     1>c:\users\thatguylukuss\desktop\github\formatted\upload\c opengl - ball maze game\windows\c opengl - ball maze game\c opengl - ball maze game.cpp(967): warning C4244: '=' : conversion from 'double' to 'float', possible loss of data
     1>c:\users\thatguylukuss\desktop\github\formatted\upload\c opengl - ball maze game\windows\c opengl - ball maze game\c opengl - ball maze game.cpp(972): warning C4244: '=' : conversion from 'double' to 'float', possible loss of data
       Link:
         C:\Program Files (x86)\Microsoft Visual Studio 11.0\VC\bin\link.exe /ERRORREPORT:PROMPT /OUT:"C:\Users\thatguylukuss\Desktop\GitHub\Formatted\Upload\C openGL - Ball Maze Game\Windows\Debug\C openGL - Ball Maze Game.exe" /INCREMENTAL /NOLOGO /LIBPATH:C:\glut\lib kernel32.lib user32.lib gdi32.lib winspool.lib comdlg32.lib advapi32.lib shell32.lib ole32.lib oleaut32.lib uuid.lib odbc32.lib odbccp32.lib freeglut.lib glu32.lib opengl32.lib kernel32.lib user32.lib gdi32.lib winspool.lib comdlg32.lib advapi32.lib shell32.lib ole32.lib oleaut32.lib uuid.lib odbc32.lib odbccp32.lib /MANIFEST /MANIFESTUAC:"level='asInvoker' uiAccess='false'" /manifest:embed /DEBUG /PDB:"C:\Users\thatguylukuss\Desktop\GitHub\Formatted\Upload\C openGL - Ball Maze Game\Windows\Debug\C openGL - Ball Maze Game.pdb" /SUBSYSTEM:CONSOLE /TLBID:1 /DYNAMICBASE /NXCOMPAT /IMPLIB:"C:\Users\thatguylukuss\Desktop\GitHub\Formatted\Upload\C openGL - Ball Maze Game\Windows\Debug\C openGL - Ball Maze Game.lib" /MACHINE:X86 "Debug\C openGL - Ball Maze Game.obj"
         Debug\stdafx.obj
         C openGL - Ball Maze Game.vcxproj -> C:\Users\thatguylukuss\Desktop\GitHub\Formatted\Upload\C openGL - Ball Maze Game\Windows\Debug\C openGL - Ball Maze Game.exe
     1>Done Building Project "C:\Users\thatguylukuss\Desktop\GitHub\Formatted\Upload\C openGL - Ball Maze Game\Windows\C openGL - Ball Maze Game\C openGL - Ball Maze Game.vcxproj" (Build target(s)).

Build succeeded.

Time Elapsed 00:00:00.59
